## SLURM PROLOG ###############################################################
##    Job ID : 426377
##  Job Name : trainingBrainstorm
##  Nodelist : gpu2108
##      CPUs : 
##  Mem/Node : 65536 MB
## Directory : /oscar/home/schen336/Desktop/proj-brainstorm2024
##   Job Started : Tue Feb  6 06:08:02 PM EST 2024
###############################################################################
Tue Feb  6 18:08:07 2024       
+---------------------------------------------------------------------------------------+
| NVIDIA-SMI 535.129.03             Driver Version: 535.129.03   CUDA Version: 12.2     |
|-----------------------------------------+----------------------+----------------------+
| GPU  Name                 Persistence-M | Bus-Id        Disp.A | Volatile Uncorr. ECC |
| Fan  Temp   Perf          Pwr:Usage/Cap |         Memory-Usage | GPU-Util  Compute M. |
|                                         |                      |               MIG M. |
|=========================================+======================+======================|
|   0  NVIDIA GeForce RTX 3090        On  | 00000000:C1:00.0 Off |                  N/A |
| 44%   39C    P8              24W / 350W |     13MiB / 24576MiB |      0%      Default |
|                                         |                      |                  N/A |
+-----------------------------------------+----------------------+----------------------+
                                                                                         
+---------------------------------------------------------------------------------------+
| Processes:                                                                            |
|  GPU   GI   CI        PID   Type   Process name                            GPU Memory |
|        ID   ID                                                             Usage      |
|=======================================================================================|
|    0   N/A  N/A     23542      G   /usr/libexec/Xorg                             5MiB |
+---------------------------------------------------------------------------------------+
Architecture:                    x86_64
CPU op-mode(s):                  32-bit, 64-bit
Address sizes:                   48 bits physical, 48 bits virtual
Byte Order:                      Little Endian
CPU(s):                          48
On-line CPU(s) list:             0-47
Vendor ID:                       AuthenticAMD
Model name:                      AMD EPYC 7413 24-Core Processor
CPU family:                      25
Model:                           1
Thread(s) per core:              1
Core(s) per socket:              24
Socket(s):                       2
Stepping:                        1
Frequency boost:                 enabled
CPU max MHz:                     3630.8101
CPU min MHz:                     1500.0000
BogoMIPS:                        5300.44
Flags:                           fpu vme de pse tsc msr pae mce cx8 apic sep mtrr pge mca cmov pat pse36 clflush mmx fxsr sse sse2 ht syscall nx mmxext fxsr_opt pdpe1gb rdtscp lm constant_tsc rep_good nopl nonstop_tsc cpuid extd_apicid aperfmperf rapl pni pclmulqdq monitor ssse3 fma cx16 pcid sse4_1 sse4_2 movbe popcnt aes xsave avx f16c rdrand lahf_lm cmp_legacy svm extapic cr8_legacy abm sse4a misalignsse 3dnowprefetch osvw ibs skinit wdt tce topoext perfctr_core perfctr_nb bpext perfctr_llc mwaitx cpb cat_l3 cdp_l3 invpcid_single hw_pstate ssbd mba ibrs ibpb stibp vmmcall fsgsbase bmi1 avx2 smep bmi2 erms invpcid cqm rdt_a rdseed adx smap clflushopt clwb sha_ni xsaveopt xsavec xgetbv1 xsaves cqm_llc cqm_occup_llc cqm_mbm_total cqm_mbm_local clzero irperf xsaveerptr rdpru wbnoinvd amd_ppin brs arat npt lbrv svm_lock nrip_save tsc_scale vmcb_clean flushbyasid decodeassists pausefilter pfthreshold v_vmsave_vmload vgif v_spec_ctrl umip pku ospke vaes vpclmulqdq rdpid overflow_recov succor smca fsrm
Virtualization:                  AMD-V
L1d cache:                       1.5 MiB (48 instances)
L1i cache:                       1.5 MiB (48 instances)
L2 cache:                        24 MiB (48 instances)
L3 cache:                        256 MiB (8 instances)
NUMA node(s):                    2
NUMA node0 CPU(s):               0-23
NUMA node1 CPU(s):               24-47
Vulnerability Itlb multihit:     Not affected
Vulnerability L1tf:              Not affected
Vulnerability Mds:               Not affected
Vulnerability Meltdown:          Not affected
Vulnerability Mmio stale data:   Not affected
Vulnerability Retbleed:          Not affected
Vulnerability Spec store bypass: Mitigation; Speculative Store Bypass disabled via prctl
Vulnerability Spectre v1:        Mitigation; usercopy/swapgs barriers and __user pointer sanitization
Vulnerability Spectre v2:        Mitigation; Retpolines, IBPB conditional, IBRS_FW, STIBP disabled, RSB filling, PBRSB-eIBRS Not affected
Vulnerability Srbds:             Not affected
Vulnerability Tsx async abort:   Not affected
WHICH Python:
/oscar/runtime/software/external/miniconda3/23.11.0/bin/python
TORCH_VERSION: 2.2.0+cu121
Loading datasets and dataloaders ...
Train size: 58, Val size: 26
Creating sEEG encoder ...
Epoch: 1
Recontruction Loss: 55435.0427
Contrastive Loss: 0.0167
Total Loss: 55435.0601
Recontruction Loss: 28998.3887
Contrastive Loss: 0.0151
Total Loss: 28998.4043
New best model found at epoch 1
